2024-07-29T11:25:32.543-04:00  INFO 36744 --- [restartedMain] com.prototype.qapp.QappApplication       : Starting QappApplication using Java 21 with PID 36744 (C:\Users\phast\source\repos\qapp\target\classes started by phast in C:\Users\phast\source\repos\qapp)
2024-07-29T11:25:32.547-04:00 DEBUG 36744 --- [restartedMain] com.prototype.qapp.QappApplication       : Running with Spring Boot v3.2.0, Spring v6.1.1
2024-07-29T11:25:32.548-04:00  INFO 36744 --- [restartedMain] com.prototype.qapp.QappApplication       : No active profile set, falling back to 1 default profile: "default"
2024-07-29T11:25:34.373-04:00  WARN 36744 --- [restartedMain] org.hibernate.orm.deprecation            : HHH90000025: H2Dialect does not need to be specified explicitly using 'hibernate.dialect' (remove the property setting and it will be selected by default)
2024-07-29T11:25:35.380-04:00  WARN 36744 --- [restartedMain] JpaBaseConfiguration$JpaWebConfiguration : spring.jpa.open-in-view is enabled by default. Therefore, database queries may be performed during view rendering. Explicitly configure spring.jpa.open-in-view to disable this warning
2024-07-29T11:25:35.965-04:00  INFO 36744 --- [restartedMain] com.prototype.qapp.QappApplication       : Started QappApplication in 3.774 seconds (process running for 6.016)
2024-07-29T11:26:12.651-04:00  INFO 36744 --- [http-nio-8080-exec-1] o.s.web.servlet.DispatcherServlet        : Initializing Servlet 'dispatcherServlet'
2024-07-29T11:26:12.652-04:00  INFO 36744 --- [http-nio-8080-exec-1] o.s.web.servlet.DispatcherServlet        : Completed initialization in 1 ms
2024-07-29T12:11:21.429-04:00  WARN 36744 --- [SpringApplicationShutdownHook] o.s.b.f.support.DisposableBeanAdapter    : Invocation of destroy method failed on bean with name 'inMemoryDatabaseShutdownExecutor': org.h2.jdbc.JdbcSQLNonTransientConnectionException: Database is already closed (to disable automatic closing at VM shutdown, add ";DB_CLOSE_ON_EXIT=FALSE" to the db URL) [90121-224]
2024-07-29T12:11:58.661-04:00  INFO 35472 --- [restartedMain] com.prototype.qapp.QappApplication       : Starting QappApplication using Java 21 with PID 35472 (C:\Users\phast\source\repos\qapp\target\classes started by phast in C:\Users\phast\source\repos\qapp)
2024-07-29T12:11:58.662-04:00 DEBUG 35472 --- [restartedMain] com.prototype.qapp.QappApplication       : Running with Spring Boot v3.2.0, Spring v6.1.1
2024-07-29T12:11:58.662-04:00  INFO 35472 --- [restartedMain] com.prototype.qapp.QappApplication       : No active profile set, falling back to 1 default profile: "default"
2024-07-29T12:12:00.222-04:00  WARN 35472 --- [restartedMain] org.hibernate.orm.deprecation            : HHH90000025: H2Dialect does not need to be specified explicitly using 'hibernate.dialect' (remove the property setting and it will be selected by default)
2024-07-29T12:12:01.216-04:00  WARN 35472 --- [restartedMain] JpaBaseConfiguration$JpaWebConfiguration : spring.jpa.open-in-view is enabled by default. Therefore, database queries may be performed during view rendering. Explicitly configure spring.jpa.open-in-view to disable this warning
2024-07-29T12:12:01.845-04:00  INFO 35472 --- [restartedMain] com.prototype.qapp.QappApplication       : Started QappApplication in 3.515 seconds (process running for 3.866)
2024-07-29T12:12:26.800-04:00  INFO 35472 --- [http-nio-8080-exec-1] o.s.web.servlet.DispatcherServlet        : Initializing Servlet 'dispatcherServlet'
2024-07-29T12:12:26.801-04:00  INFO 35472 --- [http-nio-8080-exec-1] o.s.web.servlet.DispatcherServlet        : Completed initialization in 1 ms
2024-07-29T12:20:51.178-04:00  WARN 35472 --- [SpringApplicationShutdownHook] o.s.b.f.support.DisposableBeanAdapter    : Invocation of destroy method failed on bean with name 'inMemoryDatabaseShutdownExecutor': org.h2.jdbc.JdbcSQLNonTransientConnectionException: Database is already closed (to disable automatic closing at VM shutdown, add ";DB_CLOSE_ON_EXIT=FALSE" to the db URL) [90121-224]
2024-07-29T12:21:00.646-04:00  INFO 39196 --- [restartedMain] com.prototype.qapp.QappApplication       : Starting QappApplication using Java 21 with PID 39196 (C:\Users\phast\source\repos\qapp\target\classes started by phast in C:\Users\phast\source\repos\qapp)
2024-07-29T12:21:00.647-04:00 DEBUG 39196 --- [restartedMain] com.prototype.qapp.QappApplication       : Running with Spring Boot v3.2.0, Spring v6.1.1
2024-07-29T12:21:00.648-04:00  INFO 39196 --- [restartedMain] com.prototype.qapp.QappApplication       : No active profile set, falling back to 1 default profile: "default"
2024-07-29T12:21:02.222-04:00  WARN 39196 --- [restartedMain] org.hibernate.orm.deprecation            : HHH90000025: H2Dialect does not need to be specified explicitly using 'hibernate.dialect' (remove the property setting and it will be selected by default)
2024-07-29T12:21:03.212-04:00  WARN 39196 --- [restartedMain] JpaBaseConfiguration$JpaWebConfiguration : spring.jpa.open-in-view is enabled by default. Therefore, database queries may be performed during view rendering. Explicitly configure spring.jpa.open-in-view to disable this warning
2024-07-29T12:21:03.865-04:00  INFO 39196 --- [restartedMain] com.prototype.qapp.QappApplication       : Started QappApplication in 3.547 seconds (process running for 3.882)
2024-07-29T12:21:27.001-04:00  INFO 39196 --- [http-nio-8080-exec-1] o.s.web.servlet.DispatcherServlet        : Initializing Servlet 'dispatcherServlet'
2024-07-29T12:21:27.002-04:00  INFO 39196 --- [http-nio-8080-exec-1] o.s.web.servlet.DispatcherServlet        : Completed initialization in 1 ms
2024-07-29T13:07:37.224-04:00  WARN 39196 --- [SpringApplicationShutdownHook] o.s.b.f.support.DisposableBeanAdapter    : Invocation of destroy method failed on bean with name 'inMemoryDatabaseShutdownExecutor': org.h2.jdbc.JdbcSQLNonTransientConnectionException: Database is already closed (to disable automatic closing at VM shutdown, add ";DB_CLOSE_ON_EXIT=FALSE" to the db URL) [90121-224]
2024-07-29T13:07:44.089-04:00  INFO 8784 --- [restartedMain] com.prototype.qapp.QappApplication       : Starting QappApplication using Java 21 with PID 8784 (C:\Users\phast\source\repos\qapp\target\classes started by phast in C:\Users\phast\source\repos\qapp)
2024-07-29T13:07:44.090-04:00 DEBUG 8784 --- [restartedMain] com.prototype.qapp.QappApplication       : Running with Spring Boot v3.2.0, Spring v6.1.1
2024-07-29T13:07:44.091-04:00  INFO 8784 --- [restartedMain] com.prototype.qapp.QappApplication       : No active profile set, falling back to 1 default profile: "default"
2024-07-29T13:07:45.633-04:00  WARN 8784 --- [restartedMain] org.hibernate.orm.deprecation            : HHH90000025: H2Dialect does not need to be specified explicitly using 'hibernate.dialect' (remove the property setting and it will be selected by default)
2024-07-29T13:07:46.510-04:00  WARN 8784 --- [restartedMain] JpaBaseConfiguration$JpaWebConfiguration : spring.jpa.open-in-view is enabled by default. Therefore, database queries may be performed during view rendering. Explicitly configure spring.jpa.open-in-view to disable this warning
2024-07-29T13:07:47.091-04:00  INFO 8784 --- [restartedMain] com.prototype.qapp.QappApplication       : Started QappApplication in 3.339 seconds (process running for 3.677)
2024-07-29T13:08:02.156-04:00  INFO 8784 --- [http-nio-8080-exec-1] o.s.web.servlet.DispatcherServlet        : Initializing Servlet 'dispatcherServlet'
2024-07-29T13:08:02.157-04:00  INFO 8784 --- [http-nio-8080-exec-1] o.s.web.servlet.DispatcherServlet        : Completed initialization in 0 ms
2024-07-29T13:13:03.904-04:00  WARN 8784 --- [SpringApplicationShutdownHook] o.s.b.f.support.DisposableBeanAdapter    : Invocation of destroy method failed on bean with name 'inMemoryDatabaseShutdownExecutor': org.h2.jdbc.JdbcSQLNonTransientConnectionException: Database is already closed (to disable automatic closing at VM shutdown, add ";DB_CLOSE_ON_EXIT=FALSE" to the db URL) [90121-224]
2024-07-29T13:13:11.888-04:00  INFO 38760 --- [restartedMain] com.prototype.qapp.QappApplication       : Starting QappApplication using Java 21 with PID 38760 (C:\Users\phast\source\repos\qapp\target\classes started by phast in C:\Users\phast\source\repos\qapp)
2024-07-29T13:13:11.890-04:00 DEBUG 38760 --- [restartedMain] com.prototype.qapp.QappApplication       : Running with Spring Boot v3.2.0, Spring v6.1.1
2024-07-29T13:13:11.890-04:00  INFO 38760 --- [restartedMain] com.prototype.qapp.QappApplication       : No active profile set, falling back to 1 default profile: "default"
2024-07-29T13:13:13.469-04:00  WARN 38760 --- [restartedMain] org.hibernate.orm.deprecation            : HHH90000025: H2Dialect does not need to be specified explicitly using 'hibernate.dialect' (remove the property setting and it will be selected by default)
2024-07-29T13:13:14.463-04:00  WARN 38760 --- [restartedMain] JpaBaseConfiguration$JpaWebConfiguration : spring.jpa.open-in-view is enabled by default. Therefore, database queries may be performed during view rendering. Explicitly configure spring.jpa.open-in-view to disable this warning
2024-07-29T13:13:15.065-04:00  INFO 38760 --- [restartedMain] com.prototype.qapp.QappApplication       : Started QappApplication in 3.506 seconds (process running for 3.838)
2024-07-29T13:13:31.565-04:00  INFO 38760 --- [http-nio-8080-exec-1] o.s.web.servlet.DispatcherServlet        : Initializing Servlet 'dispatcherServlet'
2024-07-29T13:13:31.566-04:00  INFO 38760 --- [http-nio-8080-exec-1] o.s.web.servlet.DispatcherServlet        : Completed initialization in 1 ms
2024-07-29T13:17:03.671-04:00  WARN 38760 --- [SpringApplicationShutdownHook] o.s.b.f.support.DisposableBeanAdapter    : Invocation of destroy method failed on bean with name 'inMemoryDatabaseShutdownExecutor': org.h2.jdbc.JdbcSQLNonTransientConnectionException: Database is already closed (to disable automatic closing at VM shutdown, add ";DB_CLOSE_ON_EXIT=FALSE" to the db URL) [90121-224]
2024-07-29T13:28:56.560-04:00  INFO 34696 --- [restartedMain] com.prototype.qapp.QappApplication       : Starting QappApplication using Java 21 with PID 34696 (C:\Users\phast\source\repos\qapp\target\classes started by phast in C:\Users\phast\source\repos\qapp)
2024-07-29T13:28:56.561-04:00 DEBUG 34696 --- [restartedMain] com.prototype.qapp.QappApplication       : Running with Spring Boot v3.2.0, Spring v6.1.1
2024-07-29T13:28:56.562-04:00  INFO 34696 --- [restartedMain] com.prototype.qapp.QappApplication       : No active profile set, falling back to 1 default profile: "default"
2024-07-29T13:28:58.316-04:00  WARN 34696 --- [restartedMain] org.hibernate.orm.deprecation            : HHH90000025: H2Dialect does not need to be specified explicitly using 'hibernate.dialect' (remove the property setting and it will be selected by default)
2024-07-29T13:28:59.331-04:00  WARN 34696 --- [restartedMain] JpaBaseConfiguration$JpaWebConfiguration : spring.jpa.open-in-view is enabled by default. Therefore, database queries may be performed during view rendering. Explicitly configure spring.jpa.open-in-view to disable this warning
2024-07-29T13:28:59.414-04:00  WARN 34696 --- [restartedMain] .s.s.UserDetailsServiceAutoConfiguration : 

Using generated security password: 7fe5c991-be23-42ae-8f74-97747fb92a24

This generated password is for development use only. Your security configuration must be updated before running your application in production.

2024-07-29T13:29:00.053-04:00  INFO 34696 --- [restartedMain] com.prototype.qapp.QappApplication       : Started QappApplication in 3.809 seconds (process running for 4.175)
